<?xml version="1.0" encoding="UTF-8"?>
<!-- Generated by org.testng.reporters.JUnitReportReporter -->
<testsuite hostname="LT-LP-118" failures="0" tests="1" name="Test6" time="30.155" errors="0" timestamp="18 Jan 2023 16:04:25 GMT" skipped="0">
  <testcase classname="Test6" name="test1" time="30.155"/>
</testsuite> <!-- Test6 -->
